<?xml version="1.0" encoding="UTF-8"?>
<!-- Generated by org.testng.reporters.JUnitXMLReporter -->
<testsuite ignored="0" hostname="DESKTOP-GOAQVTN" failures="0" tests="4" name="TestCases" time="64.958" errors="0" timestamp="2020-08-19T14:17:36 CAT">
  <testcase classname="Rest.restTest" name="multipleTest" time="62.672"/>
  <testcase classname="Rest.restTest" name="singleTest" time="0.803"/>
  <testcase classname="Soap.soapTestRunner2" name="multipleTest" time="1.065"/>
  <testcase classname="Soap.soapTestRunner2" name="singleTest" time="0.382"/>
</testsuite> <!-- TestCases -->
